[06-Nov-2019 14:23:51 UTC] PHP Warning:  PHP Startup: Unable to load dynamic library 'openssl' (tried: C:\php\ext\openssl (N„o foi possÌvel encontrar o mÛdulo especificado.), C:\php\ext\php_openssl.dll (N„o foi possÌvel encontrar o mÛdulo especificado.)) in Unknown on line 0
[06-Nov-2019 14:23:51 UTC] PHP Notice:  date_default_timezone_set(): Timezone ID '' is invalid in C:\Users\thain\OneDrive - Instituto Polit√©cnico de Santar√©m\Mat√©rias\codigo_aberto\coding-ACA\20191106\NasaHelper.php on line 10
[06-Nov-2019 14:23:51 UTC] PHP Notice:  Undefined variable: 4 in C:\Users\thain\OneDrive - Instituto Polit√©cnico de Santar√©m\Mat√©rias\codigo_aberto\coding-ACA\20191106\NasaHelper.php on line 16
[06-Nov-2019 14:23:51 UTC] PHP Notice:  Undefined variable: 4 in C:\Users\thain\OneDrive - Instituto Polit√©cnico de Santar√©m\Mat√©rias\codigo_aberto\coding-ACA\20191106\NasaHelper.php on line 16
[06-Nov-2019 14:25:49 UTC] PHP Warning:  PHP Startup: Unable to load dynamic library 'openssl' (tried: C:\php\ext\openssl (N„o foi possÌvel encontrar o mÛdulo especificado.), C:\php\ext\php_openssl.dll (N„o foi possÌvel encontrar o mÛdulo especificado.)) in Unknown on line 0
[06-Nov-2019 14:25:49 UTC] PHP Parse error:  syntax error, unexpected end of file, expecting ',' or ';' in C:\Users\thain\OneDrive - Instituto Polit√©cnico de Santar√©m\Mat√©rias\codigo_aberto\coding-ACA\20191106\NasaHelper.php on line 86
[06-Nov-2019 14:26:23 UTC] PHP Warning:  PHP Startup: Unable to load dynamic library 'openssl' (tried: C:\php\ext\openssl (N„o foi possÌvel encontrar o mÛdulo especificado.), C:\php\ext\php_openssl.dll (N„o foi possÌvel encontrar o mÛdulo especificado.)) in Unknown on line 0
[06-Nov-2019 14:26:23 UTC] PHP Notice:  date_default_timezone_set(): Timezone ID '' is invalid in C:\Users\thain\OneDrive - Instituto Polit√©cnico de Santar√©m\Mat√©rias\codigo_aberto\coding-ACA\20191106\NasaHelperProf.php on line 19
[06-Nov-2019 14:26:23 UTC] PHP Warning:  Use of undefined constant KEY_YEAR - assumed 'KEY_YEAR' (this will throw an Error in a future version of PHP) in C:\Users\thain\OneDrive - Instituto Polit√©cnico de Santar√©m\Mat√©rias\codigo_aberto\coding-ACA\20191106\NasaHelperProf.php on line 54
[06-Nov-2019 14:26:23 UTC] PHP Warning:  Use of undefined constant KEY_MONTH - assumed 'KEY_MONTH' (this will throw an Error in a future version of PHP) in C:\Users\thain\OneDrive - Instituto Polit√©cnico de Santar√©m\Mat√©rias\codigo_aberto\coding-ACA\20191106\NasaHelperProf.php on line 55
[06-Nov-2019 14:26:23 UTC] PHP Warning:  Use of undefined constant KEY_DAY - assumed 'KEY_DAY' (this will throw an Error in a future version of PHP) in C:\Users\thain\OneDrive - Instituto Polit√©cnico de Santar√©m\Mat√©rias\codigo_aberto\coding-ACA\20191106\NasaHelperProf.php on line 56
[06-Nov-2019 14:26:23 UTC] PHP Warning:  Use of undefined constant KEY_YEAR - assumed 'KEY_YEAR' (this will throw an Error in a future version of PHP) in C:\Users\thain\OneDrive - Instituto Polit√©cnico de Santar√©m\Mat√©rias\codigo_aberto\coding-ACA\20191106\NasaHelperProf.php on line 54
[06-Nov-2019 14:26:23 UTC] PHP Warning:  Use of undefined constant KEY_MONTH - assumed 'KEY_MONTH' (this will throw an Error in a future version of PHP) in C:\Users\thain\OneDrive - Instituto Polit√©cnico de Santar√©m\Mat√©rias\codigo_aberto\coding-ACA\20191106\NasaHelperProf.php on line 55
[06-Nov-2019 14:26:23 UTC] PHP Warning:  Use of undefined constant KEY_DAY - assumed 'KEY_DAY' (this will throw an Error in a future version of PHP) in C:\Users\thain\OneDrive - Instituto Polit√©cnico de Santar√©m\Mat√©rias\codigo_aberto\coding-ACA\20191106\NasaHelperProf.php on line 56
[06-Nov-2019 14:47:30 UTC] PHP Warning:  PHP Startup: Unable to load dynamic library 'openssl' (tried: C:\php\ext\openssl (N„o foi possÌvel encontrar o mÛdulo especificado.), C:\php\ext\php_openssl.dll (N„o foi possÌvel encontrar o mÛdulo especificado.)) in Unknown on line 0
[06-Nov-2019 14:47:30 UTC] PHP Parse error:  syntax error, unexpected '}', expecting ',' or ';' in C:\Users\thain\OneDrive - Instituto Polit√©cnico de Santar√©m\Mat√©rias\codigo_aberto\coding-ACA\20191106\NasaHelperProf.php on line 131
[06-Nov-2019 14:47:43 UTC] PHP Warning:  PHP Startup: Unable to load dynamic library 'openssl' (tried: C:\php\ext\openssl (N„o foi possÌvel encontrar o mÛdulo especificado.), C:\php\ext\php_openssl.dll (N„o foi possÌvel encontrar o mÛdulo especificado.)) in Unknown on line 0
[06-Nov-2019 14:47:43 UTC] PHP Parse error:  syntax error, unexpected '}', expecting ',' or ';' in C:\Users\thain\OneDrive - Instituto Polit√©cnico de Santar√©m\Mat√©rias\codigo_aberto\coding-ACA\20191106\NasaHelperProf.php on line 131
[06-Nov-2019 14:57:55 UTC] PHP Warning:  PHP Startup: Unable to load dynamic library 'openssl' (tried: C:\php\ext\openssl (N„o foi possÌvel encontrar o mÛdulo especificado.), C:\php\ext\php_openssl.dll (N„o foi possÌvel encontrar o mÛdulo especificado.)) in Unknown on line 0
[06-Nov-2019 14:57:55 UTC] PHP Notice:  date_default_timezone_set(): Timezone ID '' is invalid in C:\Users\thain\OneDrive - Instituto Polit√©cnico de Santar√©m\Mat√©rias\codigo_aberto\coding-ACA\20191106\NasaHelperProf.php on line 22
[06-Nov-2019 14:57:55 UTC] PHP Warning:  Use of undefined constant KEY_YEAR - assumed 'KEY_YEAR' (this will throw an Error in a future version of PHP) in C:\Users\thain\OneDrive - Instituto Polit√©cnico de Santar√©m\Mat√©rias\codigo_aberto\coding-ACA\20191106\NasaHelperProf.php on line 80
[06-Nov-2019 14:57:55 UTC] PHP Warning:  Use of undefined constant KEY_MONTH - assumed 'KEY_MONTH' (this will throw an Error in a future version of PHP) in C:\Users\thain\OneDrive - Instituto Polit√©cnico de Santar√©m\Mat√©rias\codigo_aberto\coding-ACA\20191106\NasaHelperProf.php on line 81
[06-Nov-2019 14:57:55 UTC] PHP Warning:  Use of undefined constant KEY_DAY - assumed 'KEY_DAY' (this will throw an Error in a future version of PHP) in C:\Users\thain\OneDrive - Instituto Polit√©cnico de Santar√©m\Mat√©rias\codigo_aberto\coding-ACA\20191106\NasaHelperProf.php on line 82
[06-Nov-2019 14:57:55 UTC] PHP Warning:  Use of undefined constant KEY_YEAR - assumed 'KEY_YEAR' (this will throw an Error in a future version of PHP) in C:\Users\thain\OneDrive - Instituto Polit√©cnico de Santar√©m\Mat√©rias\codigo_aberto\coding-ACA\20191106\NasaHelperProf.php on line 80
[06-Nov-2019 14:57:55 UTC] PHP Warning:  Use of undefined constant KEY_MONTH - assumed 'KEY_MONTH' (this will throw an Error in a future version of PHP) in C:\Users\thain\OneDrive - Instituto Polit√©cnico de Santar√©m\Mat√©rias\codigo_aberto\coding-ACA\20191106\NasaHelperProf.php on line 81
[06-Nov-2019 14:57:55 UTC] PHP Warning:  Use of undefined constant KEY_DAY - assumed 'KEY_DAY' (this will throw an Error in a future version of PHP) in C:\Users\thain\OneDrive - Instituto Polit√©cnico de Santar√©m\Mat√©rias\codigo_aberto\coding-ACA\20191106\NasaHelperProf.php on line 82
[06-Nov-2019 14:57:55 UTC] PHP Warning:  Use of undefined constant KEY_YEAR - assumed 'KEY_YEAR' (this will throw an Error in a future version of PHP) in C:\Users\thain\OneDrive - Instituto Polit√©cnico de Santar√©m\Mat√©rias\codigo_aberto\coding-ACA\20191106\NasaHelperProf.php on line 80
[06-Nov-2019 14:57:55 UTC] PHP Warning:  Use of undefined constant KEY_MONTH - assumed 'KEY_MONTH' (this will throw an Error in a future version of PHP) in C:\Users\thain\OneDrive - Instituto Polit√©cnico de Santar√©m\Mat√©rias\codigo_aberto\coding-ACA\20191106\NasaHelperProf.php on line 81
[06-Nov-2019 14:57:55 UTC] PHP Warning:  Use of undefined constant KEY_DAY - assumed 'KEY_DAY' (this will throw an Error in a future version of PHP) in C:\Users\thain\OneDrive - Instituto Polit√©cnico de Santar√©m\Mat√©rias\codigo_aberto\coding-ACA\20191106\NasaHelperProf.php on line 82
[06-Nov-2019 14:57:55 UTC] PHP Fatal error:  Uncaught Error: Call to undefined function curl_init() in C:\Users\thain\OneDrive - Instituto Polit√©cnico de Santar√©m\Mat√©rias\codigo_aberto\coding-ACA\20191106\NasaHelperProf.php:33
Stack trace:
#0 C:\Users\thain\OneDrive - Instituto Polit√©cnico de Santar√©m\Mat√©rias\codigo_aberto\coding-ACA\20191106\NasaHelperProf.php(131): NasaHelper::auxConsumeUrl('https://apod.na...')
#1 C:\Users\thain\OneDrive - Instituto Polit√©cnico de Santar√©m\Mat√©rias\codigo_aberto\coding-ACA\20191106\NasaHelperProf.php(170): NasaHelper->getDirectUrlForIod(2019, 11, 5)
#2 {main}
  thrown in C:\Users\thain\OneDrive - Instituto Polit√©cnico de Santar√©m\Mat√©rias\codigo_aberto\coding-ACA\20191106\NasaHelperProf.php on line 33
[06-Nov-2019 14:58:41 UTC] PHP Warning:  PHP Startup: Unable to load dynamic library 'curl' (tried: C:\php\ext\curl (N„o foi possÌvel encontrar o mÛdulo especificado.), C:\php\ext\php_curl.dll (N„o foi possÌvel encontrar o mÛdulo especificado.)) in Unknown on line 0
[06-Nov-2019 14:58:41 UTC] PHP Warning:  PHP Startup: Unable to load dynamic library 'openssl' (tried: C:\php\ext\openssl (N„o foi possÌvel encontrar o mÛdulo especificado.), C:\php\ext\php_openssl.dll (N„o foi possÌvel encontrar o mÛdulo especificado.)) in Unknown on line 0
[06-Nov-2019 14:58:41 UTC] PHP Notice:  date_default_timezone_set(): Timezone ID '' is invalid in C:\Users\thain\OneDrive - Instituto Polit√©cnico de Santar√©m\Mat√©rias\codigo_aberto\coding-ACA\20191106\NasaHelperProf.php on line 22
[06-Nov-2019 14:58:41 UTC] PHP Warning:  Use of undefined constant KEY_YEAR - assumed 'KEY_YEAR' (this will throw an Error in a future version of PHP) in C:\Users\thain\OneDrive - Instituto Polit√©cnico de Santar√©m\Mat√©rias\codigo_aberto\coding-ACA\20191106\NasaHelperProf.php on line 80
[06-Nov-2019 14:58:41 UTC] PHP Warning:  Use of undefined constant KEY_MONTH - assumed 'KEY_MONTH' (this will throw an Error in a future version of PHP) in C:\Users\thain\OneDrive - Instituto Polit√©cnico de Santar√©m\Mat√©rias\codigo_aberto\coding-ACA\20191106\NasaHelperProf.php on line 81
[06-Nov-2019 14:58:41 UTC] PHP Warning:  Use of undefined constant KEY_DAY - assumed 'KEY_DAY' (this will throw an Error in a future version of PHP) in C:\Users\thain\OneDrive - Instituto Polit√©cnico de Santar√©m\Mat√©rias\codigo_aberto\coding-ACA\20191106\NasaHelperProf.php on line 82
[06-Nov-2019 14:58:41 UTC] PHP Warning:  Use of undefined constant KEY_YEAR - assumed 'KEY_YEAR' (this will throw an Error in a future version of PHP) in C:\Users\thain\OneDrive - Instituto Polit√©cnico de Santar√©m\Mat√©rias\codigo_aberto\coding-ACA\20191106\NasaHelperProf.php on line 80
[06-Nov-2019 14:58:41 UTC] PHP Warning:  Use of undefined constant KEY_MONTH - assumed 'KEY_MONTH' (this will throw an Error in a future version of PHP) in C:\Users\thain\OneDrive - Instituto Polit√©cnico de Santar√©m\Mat√©rias\codigo_aberto\coding-ACA\20191106\NasaHelperProf.php on line 81
[06-Nov-2019 14:58:41 UTC] PHP Warning:  Use of undefined constant KEY_DAY - assumed 'KEY_DAY' (this will throw an Error in a future version of PHP) in C:\Users\thain\OneDrive - Instituto Polit√©cnico de Santar√©m\Mat√©rias\codigo_aberto\coding-ACA\20191106\NasaHelperProf.php on line 82
[06-Nov-2019 14:58:41 UTC] PHP Warning:  Use of undefined constant KEY_YEAR - assumed 'KEY_YEAR' (this will throw an Error in a future version of PHP) in C:\Users\thain\OneDrive - Instituto Polit√©cnico de Santar√©m\Mat√©rias\codigo_aberto\coding-ACA\20191106\NasaHelperProf.php on line 80
[06-Nov-2019 14:58:41 UTC] PHP Warning:  Use of undefined constant KEY_MONTH - assumed 'KEY_MONTH' (this will throw an Error in a future version of PHP) in C:\Users\thain\OneDrive - Instituto Polit√©cnico de Santar√©m\Mat√©rias\codigo_aberto\coding-ACA\20191106\NasaHelperProf.php on line 81
[06-Nov-2019 14:58:41 UTC] PHP Warning:  Use of undefined constant KEY_DAY - assumed 'KEY_DAY' (this will throw an Error in a future version of PHP) in C:\Users\thain\OneDrive - Instituto Polit√©cnico de Santar√©m\Mat√©rias\codigo_aberto\coding-ACA\20191106\NasaHelperProf.php on line 82
[06-Nov-2019 14:58:41 UTC] PHP Fatal error:  Uncaught Error: Call to undefined function curl_init() in C:\Users\thain\OneDrive - Instituto Polit√©cnico de Santar√©m\Mat√©rias\codigo_aberto\coding-ACA\20191106\NasaHelperProf.php:33
Stack trace:
#0 C:\Users\thain\OneDrive - Instituto Polit√©cnico de Santar√©m\Mat√©rias\codigo_aberto\coding-ACA\20191106\NasaHelperProf.php(131): NasaHelper::auxConsumeUrl('https://apod.na...')
#1 C:\Users\thain\OneDrive - Instituto Polit√©cnico de Santar√©m\Mat√©rias\codigo_aberto\coding-ACA\20191106\NasaHelperProf.php(170): NasaHelper->getDirectUrlForIod(2019, 11, 5)
#2 {main}
  thrown in C:\Users\thain\OneDrive - Instituto Polit√©cnico de Santar√©m\Mat√©rias\codigo_aberto\coding-ACA\20191106\NasaHelperProf.php on line 33
[06-Nov-2019 14:58:54 UTC] PHP Warning:  PHP Startup: Unable to load dynamic library 'curl' (tried: C:\php\ext\curl (N„o foi possÌvel encontrar o mÛdulo especificado.), C:\php\ext\php_curl.dll (N„o foi possÌvel encontrar o mÛdulo especificado.)) in Unknown on line 0
[06-Nov-2019 14:58:54 UTC] PHP Notice:  date_default_timezone_set(): Timezone ID '' is invalid in C:\Users\thain\OneDrive - Instituto Polit√©cnico de Santar√©m\Mat√©rias\codigo_aberto\coding-ACA\20191106\NasaHelperProf.php on line 22
[06-Nov-2019 14:58:54 UTC] PHP Warning:  Use of undefined constant KEY_YEAR - assumed 'KEY_YEAR' (this will throw an Error in a future version of PHP) in C:\Users\thain\OneDrive - Instituto Polit√©cnico de Santar√©m\Mat√©rias\codigo_aberto\coding-ACA\20191106\NasaHelperProf.php on line 80
[06-Nov-2019 14:58:54 UTC] PHP Warning:  Use of undefined constant KEY_MONTH - assumed 'KEY_MONTH' (this will throw an Error in a future version of PHP) in C:\Users\thain\OneDrive - Instituto Polit√©cnico de Santar√©m\Mat√©rias\codigo_aberto\coding-ACA\20191106\NasaHelperProf.php on line 81
[06-Nov-2019 14:58:54 UTC] PHP Warning:  Use of undefined constant KEY_DAY - assumed 'KEY_DAY' (this will throw an Error in a future version of PHP) in C:\Users\thain\OneDrive - Instituto Polit√©cnico de Santar√©m\Mat√©rias\codigo_aberto\coding-ACA\20191106\NasaHelperProf.php on line 82
[06-Nov-2019 14:58:54 UTC] PHP Warning:  Use of undefined constant KEY_YEAR - assumed 'KEY_YEAR' (this will throw an Error in a future version of PHP) in C:\Users\thain\OneDrive - Instituto Polit√©cnico de Santar√©m\Mat√©rias\codigo_aberto\coding-ACA\20191106\NasaHelperProf.php on line 80
[06-Nov-2019 14:58:54 UTC] PHP Warning:  Use of undefined constant KEY_MONTH - assumed 'KEY_MONTH' (this will throw an Error in a future version of PHP) in C:\Users\thain\OneDrive - Instituto Polit√©cnico de Santar√©m\Mat√©rias\codigo_aberto\coding-ACA\20191106\NasaHelperProf.php on line 81
[06-Nov-2019 14:58:54 UTC] PHP Warning:  Use of undefined constant KEY_DAY - assumed 'KEY_DAY' (this will throw an Error in a future version of PHP) in C:\Users\thain\OneDrive - Instituto Polit√©cnico de Santar√©m\Mat√©rias\codigo_aberto\coding-ACA\20191106\NasaHelperProf.php on line 82
[06-Nov-2019 14:58:54 UTC] PHP Warning:  Use of undefined constant KEY_YEAR - assumed 'KEY_YEAR' (this will throw an Error in a future version of PHP) in C:\Users\thain\OneDrive - Instituto Polit√©cnico de Santar√©m\Mat√©rias\codigo_aberto\coding-ACA\20191106\NasaHelperProf.php on line 80
[06-Nov-2019 14:58:54 UTC] PHP Warning:  Use of undefined constant KEY_MONTH - assumed 'KEY_MONTH' (this will throw an Error in a future version of PHP) in C:\Users\thain\OneDrive - Instituto Polit√©cnico de Santar√©m\Mat√©rias\codigo_aberto\coding-ACA\20191106\NasaHelperProf.php on line 81
[06-Nov-2019 14:58:54 UTC] PHP Warning:  Use of undefined constant KEY_DAY - assumed 'KEY_DAY' (this will throw an Error in a future version of PHP) in C:\Users\thain\OneDrive - Instituto Polit√©cnico de Santar√©m\Mat√©rias\codigo_aberto\coding-ACA\20191106\NasaHelperProf.php on line 82
[06-Nov-2019 14:58:54 UTC] PHP Fatal error:  Uncaught Error: Call to undefined function curl_init() in C:\Users\thain\OneDrive - Instituto Polit√©cnico de Santar√©m\Mat√©rias\codigo_aberto\coding-ACA\20191106\NasaHelperProf.php:33
Stack trace:
#0 C:\Users\thain\OneDrive - Instituto Polit√©cnico de Santar√©m\Mat√©rias\codigo_aberto\coding-ACA\20191106\NasaHelperProf.php(131): NasaHelper::auxConsumeUrl('https://apod.na...')
#1 C:\Users\thain\OneDrive - Instituto Polit√©cnico de Santar√©m\Mat√©rias\codigo_aberto\coding-ACA\20191106\NasaHelperProf.php(170): NasaHelper->getDirectUrlForIod(2019, 11, 5)
#2 {main}
  thrown in C:\Users\thain\OneDrive - Instituto Polit√©cnico de Santar√©m\Mat√©rias\codigo_aberto\coding-ACA\20191106\NasaHelperProf.php on line 33
[06-Nov-2019 15:00:00 UTC] PHP Warning:  PHP Startup: Unable to load dynamic library 'curl' (tried: C:\php\ext\curl (N„o foi possÌvel encontrar o mÛdulo especificado.), C:\php\ext\php_curl.dll (N„o foi possÌvel encontrar o mÛdulo especificado.)) in Unknown on line 0
[06-Nov-2019 15:00:00 UTC] PHP Notice:  date_default_timezone_set(): Timezone ID '' is invalid in C:\Users\thain\OneDrive - Instituto Polit√©cnico de Santar√©m\Mat√©rias\codigo_aberto\coding-ACA\20191106\NasaHelperProf.php on line 22
[06-Nov-2019 15:00:00 UTC] PHP Warning:  Use of undefined constant KEY_YEAR - assumed 'KEY_YEAR' (this will throw an Error in a future version of PHP) in C:\Users\thain\OneDrive - Instituto Polit√©cnico de Santar√©m\Mat√©rias\codigo_aberto\coding-ACA\20191106\NasaHelperProf.php on line 80
[06-Nov-2019 15:00:00 UTC] PHP Warning:  Use of undefined constant KEY_MONTH - assumed 'KEY_MONTH' (this will throw an Error in a future version of PHP) in C:\Users\thain\OneDrive - Instituto Polit√©cnico de Santar√©m\Mat√©rias\codigo_aberto\coding-ACA\20191106\NasaHelperProf.php on line 81
[06-Nov-2019 15:00:00 UTC] PHP Warning:  Use of undefined constant KEY_DAY - assumed 'KEY_DAY' (this will throw an Error in a future version of PHP) in C:\Users\thain\OneDrive - Instituto Polit√©cnico de Santar√©m\Mat√©rias\codigo_aberto\coding-ACA\20191106\NasaHelperProf.php on line 82
[06-Nov-2019 15:00:00 UTC] PHP Warning:  Use of undefined constant KEY_YEAR - assumed 'KEY_YEAR' (this will throw an Error in a future version of PHP) in C:\Users\thain\OneDrive - Instituto Polit√©cnico de Santar√©m\Mat√©rias\codigo_aberto\coding-ACA\20191106\NasaHelperProf.php on line 80
[06-Nov-2019 15:00:00 UTC] PHP Warning:  Use of undefined constant KEY_MONTH - assumed 'KEY_MONTH' (this will throw an Error in a future version of PHP) in C:\Users\thain\OneDrive - Instituto Polit√©cnico de Santar√©m\Mat√©rias\codigo_aberto\coding-ACA\20191106\NasaHelperProf.php on line 81
[06-Nov-2019 15:00:00 UTC] PHP Warning:  Use of undefined constant KEY_DAY - assumed 'KEY_DAY' (this will throw an Error in a future version of PHP) in C:\Users\thain\OneDrive - Instituto Polit√©cnico de Santar√©m\Mat√©rias\codigo_aberto\coding-ACA\20191106\NasaHelperProf.php on line 82
[06-Nov-2019 15:00:00 UTC] PHP Warning:  Use of undefined constant KEY_YEAR - assumed 'KEY_YEAR' (this will throw an Error in a future version of PHP) in C:\Users\thain\OneDrive - Instituto Polit√©cnico de Santar√©m\Mat√©rias\codigo_aberto\coding-ACA\20191106\NasaHelperProf.php on line 80
[06-Nov-2019 15:00:00 UTC] PHP Warning:  Use of undefined constant KEY_MONTH - assumed 'KEY_MONTH' (this will throw an Error in a future version of PHP) in C:\Users\thain\OneDrive - Instituto Polit√©cnico de Santar√©m\Mat√©rias\codigo_aberto\coding-ACA\20191106\NasaHelperProf.php on line 81
[06-Nov-2019 15:00:00 UTC] PHP Warning:  Use of undefined constant KEY_DAY - assumed 'KEY_DAY' (this will throw an Error in a future version of PHP) in C:\Users\thain\OneDrive - Instituto Polit√©cnico de Santar√©m\Mat√©rias\codigo_aberto\coding-ACA\20191106\NasaHelperProf.php on line 82
[06-Nov-2019 15:00:00 UTC] PHP Fatal error:  Uncaught Error: Call to undefined function curl_init() in C:\Users\thain\OneDrive - Instituto Polit√©cnico de Santar√©m\Mat√©rias\codigo_aberto\coding-ACA\20191106\NasaHelperProf.php:33
Stack trace:
#0 C:\Users\thain\OneDrive - Instituto Polit√©cnico de Santar√©m\Mat√©rias\codigo_aberto\coding-ACA\20191106\NasaHelperProf.php(131): NasaHelper::auxConsumeUrl('https://apod.na...')
#1 C:\Users\thain\OneDrive - Instituto Polit√©cnico de Santar√©m\Mat√©rias\codigo_aberto\coding-ACA\20191106\NasaHelperProf.php(170): NasaHelper->getDirectUrlForIod(2019, 11, 5)
#2 {main}
  thrown in C:\Users\thain\OneDrive - Instituto Polit√©cnico de Santar√©m\Mat√©rias\codigo_aberto\coding-ACA\20191106\NasaHelperProf.php on line 33
[06-Nov-2019 15:11:38 UTC] PHP Warning:  PHP Startup: Unable to load dynamic library 'curl' (tried: C:\php\ext\curl (N„o foi possÌvel encontrar o mÛdulo especificado.), C:\php\ext\php_curl.dll (N„o foi possÌvel encontrar o mÛdulo especificado.)) in Unknown on line 0
[06-Nov-2019 15:11:38 UTC] PHP Notice:  date_default_timezone_set(): Timezone ID '' is invalid in C:\Users\thain\OneDrive - Instituto Polit√©cnico de Santar√©m\Mat√©rias\codigo_aberto\coding-ACA\20191106\NasaHelperProf.php on line 22
[06-Nov-2019 15:11:38 UTC] PHP Warning:  Use of undefined constant KEY_YEAR - assumed 'KEY_YEAR' (this will throw an Error in a future version of PHP) in C:\Users\thain\OneDrive - Instituto Polit√©cnico de Santar√©m\Mat√©rias\codigo_aberto\coding-ACA\20191106\NasaHelperProf.php on line 80
[06-Nov-2019 15:11:38 UTC] PHP Warning:  Use of undefined constant KEY_MONTH - assumed 'KEY_MONTH' (this will throw an Error in a future version of PHP) in C:\Users\thain\OneDrive - Instituto Polit√©cnico de Santar√©m\Mat√©rias\codigo_aberto\coding-ACA\20191106\NasaHelperProf.php on line 81
[06-Nov-2019 15:11:38 UTC] PHP Warning:  Use of undefined constant KEY_DAY - assumed 'KEY_DAY' (this will throw an Error in a future version of PHP) in C:\Users\thain\OneDrive - Instituto Polit√©cnico de Santar√©m\Mat√©rias\codigo_aberto\coding-ACA\20191106\NasaHelperProf.php on line 82
[06-Nov-2019 15:11:38 UTC] PHP Warning:  Use of undefined constant KEY_YEAR - assumed 'KEY_YEAR' (this will throw an Error in a future version of PHP) in C:\Users\thain\OneDrive - Instituto Polit√©cnico de Santar√©m\Mat√©rias\codigo_aberto\coding-ACA\20191106\NasaHelperProf.php on line 80
[06-Nov-2019 15:11:38 UTC] PHP Warning:  Use of undefined constant KEY_MONTH - assumed 'KEY_MONTH' (this will throw an Error in a future version of PHP) in C:\Users\thain\OneDrive - Instituto Polit√©cnico de Santar√©m\Mat√©rias\codigo_aberto\coding-ACA\20191106\NasaHelperProf.php on line 81
[06-Nov-2019 15:11:38 UTC] PHP Warning:  Use of undefined constant KEY_DAY - assumed 'KEY_DAY' (this will throw an Error in a future version of PHP) in C:\Users\thain\OneDrive - Instituto Polit√©cnico de Santar√©m\Mat√©rias\codigo_aberto\coding-ACA\20191106\NasaHelperProf.php on line 82
[06-Nov-2019 15:11:38 UTC] PHP Warning:  Use of undefined constant KEY_YEAR - assumed 'KEY_YEAR' (this will throw an Error in a future version of PHP) in C:\Users\thain\OneDrive - Instituto Polit√©cnico de Santar√©m\Mat√©rias\codigo_aberto\coding-ACA\20191106\NasaHelperProf.php on line 80
[06-Nov-2019 15:11:38 UTC] PHP Warning:  Use of undefined constant KEY_MONTH - assumed 'KEY_MONTH' (this will throw an Error in a future version of PHP) in C:\Users\thain\OneDrive - Instituto Polit√©cnico de Santar√©m\Mat√©rias\codigo_aberto\coding-ACA\20191106\NasaHelperProf.php on line 81
[06-Nov-2019 15:11:38 UTC] PHP Warning:  Use of undefined constant KEY_DAY - assumed 'KEY_DAY' (this will throw an Error in a future version of PHP) in C:\Users\thain\OneDrive - Instituto Polit√©cnico de Santar√©m\Mat√©rias\codigo_aberto\coding-ACA\20191106\NasaHelperProf.php on line 82
[06-Nov-2019 15:11:38 UTC] PHP Fatal error:  Uncaught Error: Call to undefined function curl_init() in C:\Users\thain\OneDrive - Instituto Polit√©cnico de Santar√©m\Mat√©rias\codigo_aberto\coding-ACA\20191106\NasaHelperProf.php:33
Stack trace:
#0 C:\Users\thain\OneDrive - Instituto Polit√©cnico de Santar√©m\Mat√©rias\codigo_aberto\coding-ACA\20191106\NasaHelperProf.php(131): NasaHelper::auxConsumeUrl('https://apod.na...')
#1 C:\Users\thain\OneDrive - Instituto Polit√©cnico de Santar√©m\Mat√©rias\codigo_aberto\coding-ACA\20191106\NasaHelperProf.php(157): NasaHelper->getDirectUrlForIod(2001, 10, 11)
#2 C:\Users\thain\OneDrive - Instituto Polit√©cnico de Santar√©m\Mat√©rias\codigo_aberto\coding-ACA\20191106\NasaHelperProf.php(190): NasaHelper->downloadAndDisplay(2001, 10, 11)
#3 {main}
  thrown in C:\Users\thain\OneDrive - Instituto Polit√©cnico de Santar√©m\Mat√©rias\codigo_aberto\coding-ACA\20191106\NasaHelperProf.php on line 33
[06-Nov-2019 18:08:08 UTC] PHP Warning:  PHP Startup: Unable to load dynamic library 'curl' (tried: C:\php\ext\curl (N„o foi possÌvel encontrar o mÛdulo especificado.), C:\php\ext\php_curl.dll (N„o foi possÌvel encontrar o mÛdulo especificado.)) in Unknown on line 0
[06-Nov-2019 18:08:08 UTC] PHP Notice:  date_default_timezone_set(): Timezone ID '' is invalid in C:\Users\thain\OneDrive - Instituto Polit√©cnico de Santar√©m\Mat√©rias\codigo_aberto\coding-ACA\20191106\NasaHelperProf.php on line 22
[06-Nov-2019 18:08:08 UTC] PHP Warning:  Use of undefined constant KEY_YEAR - assumed 'KEY_YEAR' (this will throw an Error in a future version of PHP) in C:\Users\thain\OneDrive - Instituto Polit√©cnico de Santar√©m\Mat√©rias\codigo_aberto\coding-ACA\20191106\NasaHelperProf.php on line 80
[06-Nov-2019 18:08:08 UTC] PHP Warning:  Use of undefined constant KEY_MONTH - assumed 'KEY_MONTH' (this will throw an Error in a future version of PHP) in C:\Users\thain\OneDrive - Instituto Polit√©cnico de Santar√©m\Mat√©rias\codigo_aberto\coding-ACA\20191106\NasaHelperProf.php on line 81
[06-Nov-2019 18:08:08 UTC] PHP Warning:  Use of undefined constant KEY_DAY - assumed 'KEY_DAY' (this will throw an Error in a future version of PHP) in C:\Users\thain\OneDrive - Instituto Polit√©cnico de Santar√©m\Mat√©rias\codigo_aberto\coding-ACA\20191106\NasaHelperProf.php on line 82
[06-Nov-2019 18:08:08 UTC] PHP Warning:  Use of undefined constant KEY_YEAR - assumed 'KEY_YEAR' (this will throw an Error in a future version of PHP) in C:\Users\thain\OneDrive - Instituto Polit√©cnico de Santar√©m\Mat√©rias\codigo_aberto\coding-ACA\20191106\NasaHelperProf.php on line 80
[06-Nov-2019 18:08:08 UTC] PHP Warning:  Use of undefined constant KEY_MONTH - assumed 'KEY_MONTH' (this will throw an Error in a future version of PHP) in C:\Users\thain\OneDrive - Instituto Polit√©cnico de Santar√©m\Mat√©rias\codigo_aberto\coding-ACA\20191106\NasaHelperProf.php on line 81
[06-Nov-2019 18:08:08 UTC] PHP Warning:  Use of undefined constant KEY_DAY - assumed 'KEY_DAY' (this will throw an Error in a future version of PHP) in C:\Users\thain\OneDrive - Instituto Polit√©cnico de Santar√©m\Mat√©rias\codigo_aberto\coding-ACA\20191106\NasaHelperProf.php on line 82
[06-Nov-2019 18:08:08 UTC] PHP Warning:  Use of undefined constant KEY_YEAR - assumed 'KEY_YEAR' (this will throw an Error in a future version of PHP) in C:\Users\thain\OneDrive - Instituto Polit√©cnico de Santar√©m\Mat√©rias\codigo_aberto\coding-ACA\20191106\NasaHelperProf.php on line 80
[06-Nov-2019 18:08:08 UTC] PHP Warning:  Use of undefined constant KEY_MONTH - assumed 'KEY_MONTH' (this will throw an Error in a future version of PHP) in C:\Users\thain\OneDrive - Instituto Polit√©cnico de Santar√©m\Mat√©rias\codigo_aberto\coding-ACA\20191106\NasaHelperProf.php on line 81
[06-Nov-2019 18:08:08 UTC] PHP Warning:  Use of undefined constant KEY_DAY - assumed 'KEY_DAY' (this will throw an Error in a future version of PHP) in C:\Users\thain\OneDrive - Instituto Polit√©cnico de Santar√©m\Mat√©rias\codigo_aberto\coding-ACA\20191106\NasaHelperProf.php on line 82
[06-Nov-2019 18:08:08 UTC] PHP Fatal error:  Uncaught Error: Call to undefined function curl_init() in C:\Users\thain\OneDrive - Instituto Polit√©cnico de Santar√©m\Mat√©rias\codigo_aberto\coding-ACA\20191106\NasaHelperProf.php:33
Stack trace:
#0 C:\Users\thain\OneDrive - Instituto Polit√©cnico de Santar√©m\Mat√©rias\codigo_aberto\coding-ACA\20191106\NasaHelperProf.php(131): NasaHelper::auxConsumeUrl('https://apod.na...')
#1 C:\Users\thain\OneDrive - Instituto Polit√©cnico de Santar√©m\Mat√©rias\codigo_aberto\coding-ACA\20191106\NasaHelperProf.php(157): NasaHelper->getDirectUrlForIod(2001, 10, 11)
#2 C:\Users\thain\OneDrive - Instituto Polit√©cnico de Santar√©m\Mat√©rias\codigo_aberto\coding-ACA\20191106\NasaHelperProf.php(190): NasaHelper->downloadAndDisplay(2001, 10, 11)
#3 {main}
  thrown in C:\Users\thain\OneDrive - Instituto Polit√©cnico de Santar√©m\Mat√©rias\codigo_aberto\coding-ACA\20191106\NasaHelperProf.php on line 33
[06-Nov-2019 18:08:48 UTC] PHP Warning:  PHP Startup: Unable to load dynamic library 'curl' (tried: C:\php\ext\curl (N„o foi possÌvel encontrar o mÛdulo especificado.), C:\php\ext\php_curl.dll (N„o foi possÌvel encontrar o mÛdulo especificado.)) in Unknown on line 0
[06-Nov-2019 18:08:48 UTC] PHP Notice:  date_default_timezone_set(): Timezone ID '' is invalid in C:\Users\thain\OneDrive - Instituto Polit√©cnico de Santar√©m\Mat√©rias\codigo_aberto\coding-ACA\20191106\NasaHelperProf.php on line 22
[06-Nov-2019 18:08:48 UTC] PHP Warning:  Use of undefined constant KEY_YEAR - assumed 'KEY_YEAR' (this will throw an Error in a future version of PHP) in C:\Users\thain\OneDrive - Instituto Polit√©cnico de Santar√©m\Mat√©rias\codigo_aberto\coding-ACA\20191106\NasaHelperProf.php on line 80
[06-Nov-2019 18:08:48 UTC] PHP Warning:  Use of undefined constant KEY_MONTH - assumed 'KEY_MONTH' (this will throw an Error in a future version of PHP) in C:\Users\thain\OneDrive - Instituto Polit√©cnico de Santar√©m\Mat√©rias\codigo_aberto\coding-ACA\20191106\NasaHelperProf.php on line 81
[06-Nov-2019 18:08:48 UTC] PHP Warning:  Use of undefined constant KEY_DAY - assumed 'KEY_DAY' (this will throw an Error in a future version of PHP) in C:\Users\thain\OneDrive - Instituto Polit√©cnico de Santar√©m\Mat√©rias\codigo_aberto\coding-ACA\20191106\NasaHelperProf.php on line 82
[06-Nov-2019 18:08:48 UTC] PHP Warning:  Use of undefined constant KEY_YEAR - assumed 'KEY_YEAR' (this will throw an Error in a future version of PHP) in C:\Users\thain\OneDrive - Instituto Polit√©cnico de Santar√©m\Mat√©rias\codigo_aberto\coding-ACA\20191106\NasaHelperProf.php on line 80
[06-Nov-2019 18:08:48 UTC] PHP Warning:  Use of undefined constant KEY_MONTH - assumed 'KEY_MONTH' (this will throw an Error in a future version of PHP) in C:\Users\thain\OneDrive - Instituto Polit√©cnico de Santar√©m\Mat√©rias\codigo_aberto\coding-ACA\20191106\NasaHelperProf.php on line 81
[06-Nov-2019 18:08:48 UTC] PHP Warning:  Use of undefined constant KEY_DAY - assumed 'KEY_DAY' (this will throw an Error in a future version of PHP) in C:\Users\thain\OneDrive - Instituto Polit√©cnico de Santar√©m\Mat√©rias\codigo_aberto\coding-ACA\20191106\NasaHelperProf.php on line 82
[06-Nov-2019 18:08:48 UTC] PHP Warning:  Use of undefined constant KEY_YEAR - assumed 'KEY_YEAR' (this will throw an Error in a future version of PHP) in C:\Users\thain\OneDrive - Instituto Polit√©cnico de Santar√©m\Mat√©rias\codigo_aberto\coding-ACA\20191106\NasaHelperProf.php on line 80
[06-Nov-2019 18:08:48 UTC] PHP Warning:  Use of undefined constant KEY_MONTH - assumed 'KEY_MONTH' (this will throw an Error in a future version of PHP) in C:\Users\thain\OneDrive - Instituto Polit√©cnico de Santar√©m\Mat√©rias\codigo_aberto\coding-ACA\20191106\NasaHelperProf.php on line 81
[06-Nov-2019 18:08:48 UTC] PHP Warning:  Use of undefined constant KEY_DAY - assumed 'KEY_DAY' (this will throw an Error in a future version of PHP) in C:\Users\thain\OneDrive - Instituto Polit√©cnico de Santar√©m\Mat√©rias\codigo_aberto\coding-ACA\20191106\NasaHelperProf.php on line 82
[06-Nov-2019 18:08:48 UTC] PHP Fatal error:  Uncaught Error: Call to undefined function curl_init() in C:\Users\thain\OneDrive - Instituto Polit√©cnico de Santar√©m\Mat√©rias\codigo_aberto\coding-ACA\20191106\NasaHelperProf.php:33
Stack trace:
#0 C:\Users\thain\OneDrive - Instituto Polit√©cnico de Santar√©m\Mat√©rias\codigo_aberto\coding-ACA\20191106\NasaHelperProf.php(131): NasaHelper::auxConsumeUrl('https://apod.na...')
#1 C:\Users\thain\OneDrive - Instituto Polit√©cnico de Santar√©m\Mat√©rias\codigo_aberto\coding-ACA\20191106\NasaHelperProf.php(157): NasaHelper->getDirectUrlForIod(2001, 10, 11)
#2 C:\Users\thain\OneDrive - Instituto Polit√©cnico de Santar√©m\Mat√©rias\codigo_aberto\coding-ACA\20191106\NasaHelperProf.php(190): NasaHelper->downloadAndDisplay(2001, 10, 11)
#3 {main}
  thrown in C:\Users\thain\OneDrive - Instituto Polit√©cnico de Santar√©m\Mat√©rias\codigo_aberto\coding-ACA\20191106\NasaHelperProf.php on line 33
[06-Nov-2019 18:14:40 UTC] PHP Notice:  date_default_timezone_set(): Timezone ID '' is invalid in C:\Users\thain\OneDrive - Instituto Polit√©cnico de Santar√©m\Mat√©rias\codigo_aberto\coding-ACA\20191106\NasaHelperProf.php on line 22
[06-Nov-2019 18:14:40 UTC] PHP Warning:  Use of undefined constant KEY_YEAR - assumed 'KEY_YEAR' (this will throw an Error in a future version of PHP) in C:\Users\thain\OneDrive - Instituto Polit√©cnico de Santar√©m\Mat√©rias\codigo_aberto\coding-ACA\20191106\NasaHelperProf.php on line 80
[06-Nov-2019 18:14:40 UTC] PHP Warning:  Use of undefined constant KEY_MONTH - assumed 'KEY_MONTH' (this will throw an Error in a future version of PHP) in C:\Users\thain\OneDrive - Instituto Polit√©cnico de Santar√©m\Mat√©rias\codigo_aberto\coding-ACA\20191106\NasaHelperProf.php on line 81
[06-Nov-2019 18:14:40 UTC] PHP Warning:  Use of undefined constant KEY_DAY - assumed 'KEY_DAY' (this will throw an Error in a future version of PHP) in C:\Users\thain\OneDrive - Instituto Polit√©cnico de Santar√©m\Mat√©rias\codigo_aberto\coding-ACA\20191106\NasaHelperProf.php on line 82
[06-Nov-2019 18:14:40 UTC] PHP Warning:  Use of undefined constant KEY_YEAR - assumed 'KEY_YEAR' (this will throw an Error in a future version of PHP) in C:\Users\thain\OneDrive - Instituto Polit√©cnico de Santar√©m\Mat√©rias\codigo_aberto\coding-ACA\20191106\NasaHelperProf.php on line 80
[06-Nov-2019 18:14:40 UTC] PHP Warning:  Use of undefined constant KEY_MONTH - assumed 'KEY_MONTH' (this will throw an Error in a future version of PHP) in C:\Users\thain\OneDrive - Instituto Polit√©cnico de Santar√©m\Mat√©rias\codigo_aberto\coding-ACA\20191106\NasaHelperProf.php on line 81
[06-Nov-2019 18:14:40 UTC] PHP Warning:  Use of undefined constant KEY_DAY - assumed 'KEY_DAY' (this will throw an Error in a future version of PHP) in C:\Users\thain\OneDrive - Instituto Polit√©cnico de Santar√©m\Mat√©rias\codigo_aberto\coding-ACA\20191106\NasaHelperProf.php on line 82
[06-Nov-2019 18:14:40 UTC] PHP Warning:  Use of undefined constant KEY_YEAR - assumed 'KEY_YEAR' (this will throw an Error in a future version of PHP) in C:\Users\thain\OneDrive - Instituto Polit√©cnico de Santar√©m\Mat√©rias\codigo_aberto\coding-ACA\20191106\NasaHelperProf.php on line 80
[06-Nov-2019 18:14:40 UTC] PHP Warning:  Use of undefined constant KEY_MONTH - assumed 'KEY_MONTH' (this will throw an Error in a future version of PHP) in C:\Users\thain\OneDrive - Instituto Polit√©cnico de Santar√©m\Mat√©rias\codigo_aberto\coding-ACA\20191106\NasaHelperProf.php on line 81
[06-Nov-2019 18:14:40 UTC] PHP Warning:  Use of undefined constant KEY_DAY - assumed 'KEY_DAY' (this will throw an Error in a future version of PHP) in C:\Users\thain\OneDrive - Instituto Polit√©cnico de Santar√©m\Mat√©rias\codigo_aberto\coding-ACA\20191106\NasaHelperProf.php on line 82
[06-Nov-2019 18:14:41 UTC] PHP Warning:  file_put_contents(): Filename cannot be empty in C:\Users\thain\OneDrive - Instituto Polit√©cnico de Santar√©m\Mat√©rias\codigo_aberto\coding-ACA\20191106\NasaHelperProf.php on line 167
[06-Nov-2019 18:16:55 UTC] PHP Notice:  date_default_timezone_set(): Timezone ID '' is invalid in C:\Users\thain\OneDrive - Instituto Polit√©cnico de Santar√©m\Mat√©rias\codigo_aberto\coding-ACA\20191106\NasaHelperProf.php on line 22
[06-Nov-2019 18:16:55 UTC] PHP Warning:  Use of undefined constant KEY_YEAR - assumed 'KEY_YEAR' (this will throw an Error in a future version of PHP) in C:\Users\thain\OneDrive - Instituto Polit√©cnico de Santar√©m\Mat√©rias\codigo_aberto\coding-ACA\20191106\NasaHelperProf.php on line 80
[06-Nov-2019 18:16:55 UTC] PHP Warning:  Use of undefined constant KEY_MONTH - assumed 'KEY_MONTH' (this will throw an Error in a future version of PHP) in C:\Users\thain\OneDrive - Instituto Polit√©cnico de Santar√©m\Mat√©rias\codigo_aberto\coding-ACA\20191106\NasaHelperProf.php on line 81
[06-Nov-2019 18:16:55 UTC] PHP Warning:  Use of undefined constant KEY_DAY - assumed 'KEY_DAY' (this will throw an Error in a future version of PHP) in C:\Users\thain\OneDrive - Instituto Polit√©cnico de Santar√©m\Mat√©rias\codigo_aberto\coding-ACA\20191106\NasaHelperProf.php on line 82
[06-Nov-2019 18:16:55 UTC] PHP Warning:  Use of undefined constant KEY_YEAR - assumed 'KEY_YEAR' (this will throw an Error in a future version of PHP) in C:\Users\thain\OneDrive - Instituto Polit√©cnico de Santar√©m\Mat√©rias\codigo_aberto\coding-ACA\20191106\NasaHelperProf.php on line 80
[06-Nov-2019 18:16:55 UTC] PHP Warning:  Use of undefined constant KEY_MONTH - assumed 'KEY_MONTH' (this will throw an Error in a future version of PHP) in C:\Users\thain\OneDrive - Instituto Polit√©cnico de Santar√©m\Mat√©rias\codigo_aberto\coding-ACA\20191106\NasaHelperProf.php on line 81
[06-Nov-2019 18:16:55 UTC] PHP Warning:  Use of undefined constant KEY_DAY - assumed 'KEY_DAY' (this will throw an Error in a future version of PHP) in C:\Users\thain\OneDrive - Instituto Polit√©cnico de Santar√©m\Mat√©rias\codigo_aberto\coding-ACA\20191106\NasaHelperProf.php on line 82
[06-Nov-2019 18:16:55 UTC] PHP Warning:  Use of undefined constant KEY_YEAR - assumed 'KEY_YEAR' (this will throw an Error in a future version of PHP) in C:\Users\thain\OneDrive - Instituto Polit√©cnico de Santar√©m\Mat√©rias\codigo_aberto\coding-ACA\20191106\NasaHelperProf.php on line 80
[06-Nov-2019 18:16:55 UTC] PHP Warning:  Use of undefined constant KEY_MONTH - assumed 'KEY_MONTH' (this will throw an Error in a future version of PHP) in C:\Users\thain\OneDrive - Instituto Polit√©cnico de Santar√©m\Mat√©rias\codigo_aberto\coding-ACA\20191106\NasaHelperProf.php on line 81
[06-Nov-2019 18:16:55 UTC] PHP Warning:  Use of undefined constant KEY_DAY - assumed 'KEY_DAY' (this will throw an Error in a future version of PHP) in C:\Users\thain\OneDrive - Instituto Polit√©cnico de Santar√©m\Mat√©rias\codigo_aberto\coding-ACA\20191106\NasaHelperProf.php on line 82
[06-Nov-2019 18:16:55 UTC] PHP Warning:  file_put_contents(): Filename cannot be empty in C:\Users\thain\OneDrive - Instituto Polit√©cnico de Santar√©m\Mat√©rias\codigo_aberto\coding-ACA\20191106\NasaHelperProf.php on line 167
[06-Nov-2019 18:17:28 UTC] PHP Notice:  date_default_timezone_set(): Timezone ID '' is invalid in C:\Users\thain\OneDrive - Instituto Polit√©cnico de Santar√©m\Mat√©rias\codigo_aberto\coding-ACA\20191106\NasaHelperProf.php on line 22
[06-Nov-2019 18:17:28 UTC] PHP Warning:  Use of undefined constant KEY_YEAR - assumed 'KEY_YEAR' (this will throw an Error in a future version of PHP) in C:\Users\thain\OneDrive - Instituto Polit√©cnico de Santar√©m\Mat√©rias\codigo_aberto\coding-ACA\20191106\NasaHelperProf.php on line 80
[06-Nov-2019 18:17:28 UTC] PHP Warning:  Use of undefined constant KEY_MONTH - assumed 'KEY_MONTH' (this will throw an Error in a future version of PHP) in C:\Users\thain\OneDrive - Instituto Polit√©cnico de Santar√©m\Mat√©rias\codigo_aberto\coding-ACA\20191106\NasaHelperProf.php on line 81
[06-Nov-2019 18:17:28 UTC] PHP Warning:  Use of undefined constant KEY_DAY - assumed 'KEY_DAY' (this will throw an Error in a future version of PHP) in C:\Users\thain\OneDrive - Instituto Polit√©cnico de Santar√©m\Mat√©rias\codigo_aberto\coding-ACA\20191106\NasaHelperProf.php on line 82
[06-Nov-2019 18:17:28 UTC] PHP Warning:  Use of undefined constant KEY_YEAR - assumed 'KEY_YEAR' (this will throw an Error in a future version of PHP) in C:\Users\thain\OneDrive - Instituto Polit√©cnico de Santar√©m\Mat√©rias\codigo_aberto\coding-ACA\20191106\NasaHelperProf.php on line 80
[06-Nov-2019 18:17:28 UTC] PHP Warning:  Use of undefined constant KEY_MONTH - assumed 'KEY_MONTH' (this will throw an Error in a future version of PHP) in C:\Users\thain\OneDrive - Instituto Polit√©cnico de Santar√©m\Mat√©rias\codigo_aberto\coding-ACA\20191106\NasaHelperProf.php on line 81
[06-Nov-2019 18:17:28 UTC] PHP Warning:  Use of undefined constant KEY_DAY - assumed 'KEY_DAY' (this will throw an Error in a future version of PHP) in C:\Users\thain\OneDrive - Instituto Polit√©cnico de Santar√©m\Mat√©rias\codigo_aberto\coding-ACA\20191106\NasaHelperProf.php on line 82
[06-Nov-2019 18:17:28 UTC] PHP Warning:  Use of undefined constant KEY_YEAR - assumed 'KEY_YEAR' (this will throw an Error in a future version of PHP) in C:\Users\thain\OneDrive - Instituto Polit√©cnico de Santar√©m\Mat√©rias\codigo_aberto\coding-ACA\20191106\NasaHelperProf.php on line 80
[06-Nov-2019 18:17:28 UTC] PHP Warning:  Use of undefined constant KEY_MONTH - assumed 'KEY_MONTH' (this will throw an Error in a future version of PHP) in C:\Users\thain\OneDrive - Instituto Polit√©cnico de Santar√©m\Mat√©rias\codigo_aberto\coding-ACA\20191106\NasaHelperProf.php on line 81
[06-Nov-2019 18:17:28 UTC] PHP Warning:  Use of undefined constant KEY_DAY - assumed 'KEY_DAY' (this will throw an Error in a future version of PHP) in C:\Users\thain\OneDrive - Instituto Polit√©cnico de Santar√©m\Mat√©rias\codigo_aberto\coding-ACA\20191106\NasaHelperProf.php on line 82
[06-Nov-2019 18:17:28 UTC] PHP Warning:  file_put_contents(): Filename cannot be empty in C:\Users\thain\OneDrive - Instituto Polit√©cnico de Santar√©m\Mat√©rias\codigo_aberto\coding-ACA\20191106\NasaHelperProf.php on line 167
[06-Nov-2019 18:18:51 Europe/Lisbon] PHP Notice:  date_default_timezone_set(): Timezone ID '' is invalid in C:\Users\thain\OneDrive - Instituto Polit√©cnico de Santar√©m\Mat√©rias\codigo_aberto\coding-ACA\20191106\NasaHelperProf.php on line 22
[06-Nov-2019 18:18:51 Europe/Lisbon] PHP Warning:  Use of undefined constant KEY_YEAR - assumed 'KEY_YEAR' (this will throw an Error in a future version of PHP) in C:\Users\thain\OneDrive - Instituto Polit√©cnico de Santar√©m\Mat√©rias\codigo_aberto\coding-ACA\20191106\NasaHelperProf.php on line 80
[06-Nov-2019 18:18:51 Europe/Lisbon] PHP Warning:  Use of undefined constant KEY_MONTH - assumed 'KEY_MONTH' (this will throw an Error in a future version of PHP) in C:\Users\thain\OneDrive - Instituto Polit√©cnico de Santar√©m\Mat√©rias\codigo_aberto\coding-ACA\20191106\NasaHelperProf.php on line 81
[06-Nov-2019 18:18:51 Europe/Lisbon] PHP Warning:  Use of undefined constant KEY_DAY - assumed 'KEY_DAY' (this will throw an Error in a future version of PHP) in C:\Users\thain\OneDrive - Instituto Polit√©cnico de Santar√©m\Mat√©rias\codigo_aberto\coding-ACA\20191106\NasaHelperProf.php on line 82
[06-Nov-2019 18:18:51 Europe/Lisbon] PHP Warning:  Use of undefined constant KEY_YEAR - assumed 'KEY_YEAR' (this will throw an Error in a future version of PHP) in C:\Users\thain\OneDrive - Instituto Polit√©cnico de Santar√©m\Mat√©rias\codigo_aberto\coding-ACA\20191106\NasaHelperProf.php on line 80
[06-Nov-2019 18:18:51 Europe/Lisbon] PHP Warning:  Use of undefined constant KEY_MONTH - assumed 'KEY_MONTH' (this will throw an Error in a future version of PHP) in C:\Users\thain\OneDrive - Instituto Polit√©cnico de Santar√©m\Mat√©rias\codigo_aberto\coding-ACA\20191106\NasaHelperProf.php on line 81
[06-Nov-2019 18:18:51 Europe/Lisbon] PHP Warning:  Use of undefined constant KEY_DAY - assumed 'KEY_DAY' (this will throw an Error in a future version of PHP) in C:\Users\thain\OneDrive - Instituto Polit√©cnico de Santar√©m\Mat√©rias\codigo_aberto\coding-ACA\20191106\NasaHelperProf.php on line 82
[06-Nov-2019 18:18:51 Europe/Lisbon] PHP Warning:  Use of undefined constant KEY_YEAR - assumed 'KEY_YEAR' (this will throw an Error in a future version of PHP) in C:\Users\thain\OneDrive - Instituto Polit√©cnico de Santar√©m\Mat√©rias\codigo_aberto\coding-ACA\20191106\NasaHelperProf.php on line 80
[06-Nov-2019 18:18:51 Europe/Lisbon] PHP Warning:  Use of undefined constant KEY_MONTH - assumed 'KEY_MONTH' (this will throw an Error in a future version of PHP) in C:\Users\thain\OneDrive - Instituto Polit√©cnico de Santar√©m\Mat√©rias\codigo_aberto\coding-ACA\20191106\NasaHelperProf.php on line 81
[06-Nov-2019 18:18:51 Europe/Lisbon] PHP Warning:  Use of undefined constant KEY_DAY - assumed 'KEY_DAY' (this will throw an Error in a future version of PHP) in C:\Users\thain\OneDrive - Instituto Polit√©cnico de Santar√©m\Mat√©rias\codigo_aberto\coding-ACA\20191106\NasaHelperProf.php on line 82
[06-Nov-2019 18:18:52 Europe/Lisbon] PHP Warning:  file_put_contents(): Filename cannot be empty in C:\Users\thain\OneDrive - Instituto Polit√©cnico de Santar√©m\Mat√©rias\codigo_aberto\coding-ACA\20191106\NasaHelperProf.php on line 167
[06-Nov-2019 18:22:28 Europe/Lisbon] PHP Notice:  date_default_timezone_set(): Timezone ID '' is invalid in C:\Users\thain\OneDrive - Instituto Polit√©cnico de Santar√©m\Mat√©rias\codigo_aberto\coding-ACA\20191106\NasaHelperProf.php on line 22
[06-Nov-2019 18:22:28 Europe/Lisbon] PHP Warning:  Use of undefined constant KEY_YEAR - assumed 'KEY_YEAR' (this will throw an Error in a future version of PHP) in C:\Users\thain\OneDrive - Instituto Polit√©cnico de Santar√©m\Mat√©rias\codigo_aberto\coding-ACA\20191106\NasaHelperProf.php on line 80
[06-Nov-2019 18:22:28 Europe/Lisbon] PHP Warning:  Use of undefined constant KEY_MONTH - assumed 'KEY_MONTH' (this will throw an Error in a future version of PHP) in C:\Users\thain\OneDrive - Instituto Polit√©cnico de Santar√©m\Mat√©rias\codigo_aberto\coding-ACA\20191106\NasaHelperProf.php on line 81
[06-Nov-2019 18:22:28 Europe/Lisbon] PHP Warning:  Use of undefined constant KEY_DAY - assumed 'KEY_DAY' (this will throw an Error in a future version of PHP) in C:\Users\thain\OneDrive - Instituto Polit√©cnico de Santar√©m\Mat√©rias\codigo_aberto\coding-ACA\20191106\NasaHelperProf.php on line 82
[06-Nov-2019 18:22:28 Europe/Lisbon] PHP Warning:  Use of undefined constant KEY_YEAR - assumed 'KEY_YEAR' (this will throw an Error in a future version of PHP) in C:\Users\thain\OneDrive - Instituto Polit√©cnico de Santar√©m\Mat√©rias\codigo_aberto\coding-ACA\20191106\NasaHelperProf.php on line 80
[06-Nov-2019 18:22:28 Europe/Lisbon] PHP Warning:  Use of undefined constant KEY_MONTH - assumed 'KEY_MONTH' (this will throw an Error in a future version of PHP) in C:\Users\thain\OneDrive - Instituto Polit√©cnico de Santar√©m\Mat√©rias\codigo_aberto\coding-ACA\20191106\NasaHelperProf.php on line 81
[06-Nov-2019 18:22:28 Europe/Lisbon] PHP Warning:  Use of undefined constant KEY_DAY - assumed 'KEY_DAY' (this will throw an Error in a future version of PHP) in C:\Users\thain\OneDrive - Instituto Polit√©cnico de Santar√©m\Mat√©rias\codigo_aberto\coding-ACA\20191106\NasaHelperProf.php on line 82
[06-Nov-2019 18:22:28 Europe/Lisbon] PHP Warning:  Use of undefined constant KEY_YEAR - assumed 'KEY_YEAR' (this will throw an Error in a future version of PHP) in C:\Users\thain\OneDrive - Instituto Polit√©cnico de Santar√©m\Mat√©rias\codigo_aberto\coding-ACA\20191106\NasaHelperProf.php on line 80
[06-Nov-2019 18:22:28 Europe/Lisbon] PHP Warning:  Use of undefined constant KEY_MONTH - assumed 'KEY_MONTH' (this will throw an Error in a future version of PHP) in C:\Users\thain\OneDrive - Instituto Polit√©cnico de Santar√©m\Mat√©rias\codigo_aberto\coding-ACA\20191106\NasaHelperProf.php on line 81
[06-Nov-2019 18:22:28 Europe/Lisbon] PHP Warning:  Use of undefined constant KEY_DAY - assumed 'KEY_DAY' (this will throw an Error in a future version of PHP) in C:\Users\thain\OneDrive - Instituto Polit√©cnico de Santar√©m\Mat√©rias\codigo_aberto\coding-ACA\20191106\NasaHelperProf.php on line 82
[06-Nov-2019 18:22:28 Europe/Lisbon] PHP Warning:  file_put_contents(): Filename cannot be empty in C:\Users\thain\OneDrive - Instituto Polit√©cnico de Santar√©m\Mat√©rias\codigo_aberto\coding-ACA\20191106\NasaHelperProf.php on line 167
[12-Nov-2019 07:48:00 Europe/Lisbon] PHP Notice:  date_default_timezone_set(): Timezone ID '' is invalid in C:\Users\thain\OneDrive - Instituto Polit√©cnico de Santar√©m\Mat√©rias\codigo_aberto\coding-ACA\20191106\NasaHelperProf.php on line 22
[12-Nov-2019 07:48:00 Europe/Lisbon] PHP Warning:  Use of undefined constant KEY_YEAR - assumed 'KEY_YEAR' (this will throw an Error in a future version of PHP) in C:\Users\thain\OneDrive - Instituto Polit√©cnico de Santar√©m\Mat√©rias\codigo_aberto\coding-ACA\20191106\NasaHelperProf.php on line 80
[12-Nov-2019 07:48:00 Europe/Lisbon] PHP Warning:  Use of undefined constant KEY_MONTH - assumed 'KEY_MONTH' (this will throw an Error in a future version of PHP) in C:\Users\thain\OneDrive - Instituto Polit√©cnico de Santar√©m\Mat√©rias\codigo_aberto\coding-ACA\20191106\NasaHelperProf.php on line 81
[12-Nov-2019 07:48:00 Europe/Lisbon] PHP Warning:  Use of undefined constant KEY_DAY - assumed 'KEY_DAY' (this will throw an Error in a future version of PHP) in C:\Users\thain\OneDrive - Instituto Polit√©cnico de Santar√©m\Mat√©rias\codigo_aberto\coding-ACA\20191106\NasaHelperProf.php on line 82
[12-Nov-2019 07:48:00 Europe/Lisbon] PHP Warning:  Use of undefined constant KEY_YEAR - assumed 'KEY_YEAR' (this will throw an Error in a future version of PHP) in C:\Users\thain\OneDrive - Instituto Polit√©cnico de Santar√©m\Mat√©rias\codigo_aberto\coding-ACA\20191106\NasaHelperProf.php on line 80
[12-Nov-2019 07:48:00 Europe/Lisbon] PHP Warning:  Use of undefined constant KEY_MONTH - assumed 'KEY_MONTH' (this will throw an Error in a future version of PHP) in C:\Users\thain\OneDrive - Instituto Polit√©cnico de Santar√©m\Mat√©rias\codigo_aberto\coding-ACA\20191106\NasaHelperProf.php on line 81
[12-Nov-2019 07:48:00 Europe/Lisbon] PHP Warning:  Use of undefined constant KEY_DAY - assumed 'KEY_DAY' (this will throw an Error in a future version of PHP) in C:\Users\thain\OneDrive - Instituto Polit√©cnico de Santar√©m\Mat√©rias\codigo_aberto\coding-ACA\20191106\NasaHelperProf.php on line 82
[12-Nov-2019 07:48:00 Europe/Lisbon] PHP Warning:  Use of undefined constant KEY_YEAR - assumed 'KEY_YEAR' (this will throw an Error in a future version of PHP) in C:\Users\thain\OneDrive - Instituto Polit√©cnico de Santar√©m\Mat√©rias\codigo_aberto\coding-ACA\20191106\NasaHelperProf.php on line 80
[12-Nov-2019 07:48:00 Europe/Lisbon] PHP Warning:  Use of undefined constant KEY_MONTH - assumed 'KEY_MONTH' (this will throw an Error in a future version of PHP) in C:\Users\thain\OneDrive - Instituto Polit√©cnico de Santar√©m\Mat√©rias\codigo_aberto\coding-ACA\20191106\NasaHelperProf.php on line 81
[12-Nov-2019 07:48:00 Europe/Lisbon] PHP Warning:  Use of undefined constant KEY_DAY - assumed 'KEY_DAY' (this will throw an Error in a future version of PHP) in C:\Users\thain\OneDrive - Instituto Polit√©cnico de Santar√©m\Mat√©rias\codigo_aberto\coding-ACA\20191106\NasaHelperProf.php on line 82
[12-Nov-2019 07:48:01 Europe/Lisbon] PHP Warning:  file_put_contents(): Filename cannot be empty in C:\Users\thain\OneDrive - Instituto Polit√©cnico de Santar√©m\Mat√©rias\codigo_aberto\coding-ACA\20191106\NasaHelperProf.php on line 167
